<?xml version="1.0" encoding="UTF-8"?>
<testsuite xmlns:xsi="http://www.w3.org/2001/XMLSchema-instance" xsi:noNamespaceSchemaLocation="https://maven.apache.org/surefire/maven-surefire-plugin/xsd/surefire-test-report-3.0.xsd" version="3.0" name="se.ifmo.ru.first_service.FirstServiceApplicationTests" time="9.12" tests="1" errors="0" skipped="0" failures="0">
  <properties>
[...]
</properties>
  <testcase name="contextLoads" classname="se.ifmo.ru.first_service.FirstServiceApplicationTests" time="0.735">
    <system-out><![CDATA[09:38:57.948 [main] INFO org.springframework.test.context.support.AnnotationConfigContextLoaderUtils -- Could not detect default configuration classes for test class [se.ifmo.ru.first_service.FirstServiceApplicationTests]: FirstServiceApplicationTests does not declare any static, non-private, non-final, nested classes annotated with @Configuration.
09:38:58.123 [main] INFO org.springframework.boot.test.context.SpringBootTestContextBootstrapper -- Found @SpringBootConfiguration se.ifmo.ru.first_service.FirstServiceApplication for test class se.ifmo.ru.first_service.FirstServiceApplicationTests
  .   ____          _            __ _ _
 /\\ / ___'_ __ _ _(_)_ __  __ _ \ \ \ \
( ( )\___ | '_ | '_| | '_ \/ _` | \ \ \ \
 \\/  ___)| |_)| | | | | || (_| |  ) ) ) )
  '  |____| .__|_| |_|_| |_\__, | / / / /
 =========|_|==============|___/=/_/_/_/

 :: Spring Boot ::                (v3.3.0)

2025-01-04T09:38:58.980+03:00  INFO 5792 --- [first-service] [           main] s.i.r.f.FirstServiceApplicationTests     : Starting FirstServiceApplicationTests using Java 17.0.11 with PID 5792 (started by igor in c:\Users\itru2\Desktop\SOA\лаб3\first-service)
2025-01-04T09:38:58.985+03:00  INFO 5792 --- [first-service] [           main] s.i.r.f.FirstServiceApplicationTests     : No active profile set, falling back to 1 default profile: "default"
2025-01-04T09:39:00.477+03:00  INFO 5792 --- [first-service] [           main] .s.d.r.c.RepositoryConfigurationDelegate : Bootstrapping Spring Data JPA repositories in DEFAULT mode.
2025-01-04T09:39:00.584+03:00  INFO 5792 --- [first-service] [           main] .s.d.r.c.RepositoryConfigurationDelegate : Finished Spring Data repository scanning in 93 ms. Found 1 JPA repository interface.
2025-01-04T09:39:01.411+03:00  INFO 5792 --- [first-service] [           main] o.hibernate.jpa.internal.util.LogHelper  : HHH000204: Processing PersistenceUnitInfo [name: default]
2025-01-04T09:39:01.568+03:00  INFO 5792 --- [first-service] [           main] org.hibernate.Version                    : HHH000412: Hibernate ORM core version 6.4.1.Final
2025-01-04T09:39:01.635+03:00  INFO 5792 --- [first-service] [           main] o.h.c.internal.RegionFactoryInitiator    : HHH000026: Second-level cache disabled
2025-01-04T09:39:02.103+03:00  INFO 5792 --- [first-service] [           main] o.s.o.j.p.SpringPersistenceUnitInfo      : No LoadTimeWeaver setup: ignoring JPA class transformer
2025-01-04T09:39:02.152+03:00  INFO 5792 --- [first-service] [           main] com.zaxxer.hikari.HikariDataSource       : HikariPool-1 - Starting...
2025-01-04T09:39:02.345+03:00  INFO 5792 --- [first-service] [           main] com.zaxxer.hikari.pool.HikariPool        : HikariPool-1 - Added connection org.postgresql.jdbc.PgConnection@586843bc
2025-01-04T09:39:02.348+03:00  INFO 5792 --- [first-service] [           main] com.zaxxer.hikari.HikariDataSource       : HikariPool-1 - Start completed.
2025-01-04T09:39:02.398+03:00  WARN 5792 --- [first-service] [           main] org.hibernate.orm.deprecation            : HHH90000025: PostgreSQLDialect does not need to be specified explicitly using 'hibernate.dialect' (remove the property setting and it will be selected by default)
2025-01-04T09:39:03.871+03:00  INFO 5792 --- [first-service] [           main] o.h.e.t.j.p.i.JtaPlatformInitiator       : HHH000489: No JTA platform available (set 'hibernate.transaction.jta.platform' to enable JTA platform integration)
2025-01-04T09:39:03.967+03:00  INFO 5792 --- [first-service] [           main] j.LocalContainerEntityManagerFactoryBean : Initialized JPA EntityManagerFactory for persistence unit 'default'
2025-01-04T09:39:04.421+03:00  INFO 5792 --- [first-service] [           main] o.s.d.j.r.query.QueryEnhancerFactory     : Hibernate is in classpath; If applicable, HQL parser will be used.
2025-01-04T09:39:05.123+03:00  WARN 5792 --- [first-service] [           main] .s.s.UserDetailsServiceAutoConfiguration : 

Using generated security password: 7f5d27bc-e3e3-422d-8e0a-6eabdab969da

This generated password is for development use only. Your security configuration must be updated before running your application in production.

2025-01-04T09:39:05.170+03:00  INFO 5792 --- [first-service] [           main] r$InitializeUserDetailsManagerConfigurer : Global AuthenticationManager configured with UserDetailsService bean with name inMemoryUserDetailsManager
2025-01-04T09:39:05.550+03:00  INFO 5792 --- [first-service] [           main] o.s.s.web.DefaultSecurityFilterChain     : Will secure any request with [org.springframework.security.web.session.DisableEncodeUrlFilter@2045a469, org.springframework.security.web.context.request.async.WebAsyncManagerIntegrationFilter@672710d5, org.springframework.security.web.context.SecurityContextHolderFilter@54c9c09c, org.springframework.security.web.header.HeaderWriterFilter@1464a177, org.springframework.web.filter.CorsFilter@55880c, org.springframework.security.web.authentication.logout.LogoutFilter@4b548913, org.springframework.security.web.savedrequest.RequestCacheAwareFilter@53d3d604, org.springframework.security.web.servletapi.SecurityContextHolderAwareRequestFilter@6ed2aa8a, org.springframework.security.web.authentication.AnonymousAuthenticationFilter@17224bad, org.springframework.security.web.access.ExceptionTranslationFilter@6d0d5147]
2025-01-04T09:39:06.049+03:00  INFO 5792 --- [first-service] [           main] s.i.r.f.FirstServiceApplicationTests     : Started FirstServiceApplicationTests in 7.655 seconds (process running for 9.154)
]]></system-out>
  </testcase>
</testsuite>